<?xml version="1.0" encoding="UTF-8"?>
<!-- Generated by org.testng.reporters.JUnitReportReporter -->
<testsuite name="qsp.Demo" tests="1" time="14.187" ignored="0" failures="0" timestamp="31 Jan 2018 12:17:43 GMT" skipped="0" hostname="CBT-LAB-021" errors="0">
  <testcase name="testA" time="14.187" classname="qsp.Demo"/>
</testsuite> <!-- qsp.Demo -->
